[debug] [2020-02-16T09:51:26.156Z] ----------------------------------------------------------------------
[debug] [2020-02-16T09:51:26.160Z] Command:       C:\Program Files\nodejs\node.exe C:\Users\sur6p\AppData\Roaming\npm\node_modules\firebase-tools\lib\bin\firebase.js deploy
[debug] [2020-02-16T09:51:26.161Z] CLI Version:   7.13.0
[debug] [2020-02-16T09:51:26.161Z] Platform:      win32
[debug] [2020-02-16T09:51:26.161Z] Node Version:  v12.10.0
[debug] [2020-02-16T09:51:26.175Z] Time:          Sun Feb 16 2020 18:51:26 GMT+0900 (GMT+09:00)
[debug] [2020-02-16T09:51:26.175Z] ----------------------------------------------------------------------
[debug] [2020-02-16T09:51:26.175Z] 
[debug] [2020-02-16T09:51:26.209Z] > command requires scopes: ["email","openid","https://www.googleapis.com/auth/cloudplatformprojects.readonly","https://www.googleapis.com/auth/firebase","https://www.googleapis.com/auth/cloud-platform"]
[debug] [2020-02-16T09:51:26.211Z] > authorizing via signed-in user
[debug] [2020-02-16T09:51:26.211Z] [iam] checking project logpose-f0f03 for permissions ["firebase.projects.get","firebasehosting.sites.update"]
[debug] [2020-02-16T09:51:26.215Z] > refreshing access token with scopes: ["email","https://www.googleapis.com/auth/cloud-platform","https://www.googleapis.com/auth/cloudplatformprojects.readonly","https://www.googleapis.com/auth/firebase","openid"]
[debug] [2020-02-16T09:51:26.216Z] >>> HTTP REQUEST POST https://www.googleapis.com/oauth2/v3/token  
 <request body omitted>
[debug] [2020-02-16T09:51:26.600Z] <<< HTTP RESPONSE 200
[debug] [2020-02-16T09:51:26.648Z] >>> HTTP REQUEST POST https://cloudresourcemanager.googleapis.com/v1/projects/logpose-f0f03:testIamPermissions  

[debug] [2020-02-16T09:51:27.613Z] <<< HTTP RESPONSE 200
[debug] [2020-02-16T09:51:27.617Z] >>> HTTP REQUEST GET https://firebase.googleapis.com/v1beta1/projects/logpose-f0f03  
 
[debug] [2020-02-16T09:51:28.405Z] <<< HTTP RESPONSE 200
[info] 
[info] === Deploying to 'logpose-f0f03'...
[info] 
[info] i  deploying hosting
[debug] [2020-02-16T09:51:28.454Z] >>> HTTP REQUEST POST https://firebasehosting.googleapis.com/v1beta1/sites/logpose-f0f03/versions  

[debug] [2020-02-16T09:51:29.975Z] <<< HTTP RESPONSE 200
[info] i  hosting[logpose-f0f03]: beginning deploy...
[info] i  hosting[logpose-f0f03]: found 19 files in build
[debug] [2020-02-16T09:51:30.744Z] [hosting] hash cache [YnVpbGQ] stored for 19 files
[debug] [2020-02-16T09:51:30.745Z] [hosting][hash queue][FINAL]
[debug] [2020-02-16T09:51:30.746Z] >>> HTTP REQUEST POST https://firebasehosting.googleapis.com/v1beta1/sites/logpose-f0f03/versions/81ab8eff764f18fc:populateFiles  
 <request body omitted>
[debug] [2020-02-16T09:51:32.224Z] <<< HTTP RESPONSE 200
[debug] [2020-02-16T09:51:32.268Z] [hosting][populate queue][FINAL]
[debug] [2020-02-16T09:51:32.268Z] [hosting] uploads queued: 13
[debug] [2020-02-16T09:51:37.861Z] [hosting][upload queue][FINAL]
[info] +  hosting[logpose-f0f03]: file upload complete
[debug] [2020-02-16T09:51:37.868Z] [hosting] deploy completed after 7887ms
[debug] [2020-02-16T09:51:38.098Z] [
  {
    "config": {
      "public": "build",
      "ignore": [
        "firebase.json",
        "**/.*",
        "**/node_modules/**"
      ],
      "rewrites": [
        {
          "source": "**",
          "destination": "/index.html"
        }
      ],
      "site": "logpose-f0f03"
    },
    "site": "logpose-f0f03",
    "version": "sites/logpose-f0f03/versions/81ab8eff764f18fc"
  }
]
[info] i  hosting[logpose-f0f03]: finalizing version...
[debug] [2020-02-16T09:51:38.103Z] >>> HTTP REQUEST PATCH https://firebasehosting.googleapis.com/v1beta1/sites/logpose-f0f03/versions/81ab8eff764f18fc?updateMask=status  

[debug] [2020-02-16T09:51:39.290Z] <<< HTTP RESPONSE 200
[debug] [2020-02-16T09:51:39.293Z] [hosting] finalized version for logpose-f0f03:
[info] +  hosting[logpose-f0f03]: version finalized
[info] i  hosting[logpose-f0f03]: releasing new version...
[debug] [2020-02-16T09:51:39.304Z] >>> HTTP REQUEST POST https://firebasehosting.googleapis.com/v1beta1/sites/logpose-f0f03/releases?version_name=sites/logpose-f0f03/versions/81ab8eff764f18fc  

